<?xml version="1.0" encoding="UTF-8"?>
<!-- Generated by org.testng.reporters.JUnitReportReporter -->
<testsuite hostname="LP-5CD9176M5C" name="com.ing.testcases.LoginPageTest" tests="1" failures="0" timestamp="5 Sep 2019 06:36:30 GMT" time="12.846" errors="0">
  <testcase name="scrollDown" time="12.846" classname="com.ing.testcases.LoginPageTest"/>
</testsuite> <!-- com.ing.testcases.LoginPageTest -->
