<?xml version="1.0" encoding="UTF-8"?>
<!-- Generated by org.testng.reporters.JUnitReportReporter -->
<testsuite hostname="LP-5CD9176M5C" name="com.ing.testcases.AppHomeTest" tests="1" failures="0" timestamp="5 Sep 2019 02:59:21 GMT" time="19.262" errors="0">
  <testcase name="scrollDown" time="19.262" classname="com.ing.testcases.AppHomeTest"/>
</testsuite> <!-- com.ing.testcases.AppHomeTest -->
