<?xml version="1.0" encoding="UTF-8"?>
<!-- Generated by org.testng.reporters.JUnitReportReporter -->
<testsuite skipped="0" hostname="LP-5CD9176M5C" name="com.ing.testcases.AppHomeTest" tests="1" failures="0" timestamp="04 Sep 2019 19:36:56 GMT" time="5.410" errors="0">
  <testcase name="scrollDown" time="5.410" classname="com.ing.testcases.AppHomeTest"/>
</testsuite> <!-- com.ing.testcases.AppHomeTest -->
